========================================================================================
Report      : INFO
Date        : Mon Apr 09 03:19:02 CDT 2018
Description : u_domainNew:Database allocated on heap
Node        : cse1325
Process     : Player <21589>
Thread      : spliced 7f522036e700
Internals   : V6.4.140320OSS/24b1387/24b1387/user::u_domain::u_domainNew/u_domain.c/706/0/1523261942.690855988
========================================================================================
Report      : INFO
Date        : Mon Apr 09 03:19:02 CDT 2018
Description : ---------------------------------------------------------------
              -- The service is using the following configuration settings --
              ---------------------------------------------------------------
              Domain (id)          : ospl_sp_ddsi (0)
              Storage              : 10240 Kbytes
              Storage threshold    : 1024 Kbytes
              Storage address      : Not available
              Locking              : default
              Memory mode          : Heap memory
              Builtin topics       : true
              Priority inheritance : false
Node        : cse1325
Process     : Player <21589>
Thread      : spliced 7f522036e700
Internals   : V6.4.140320OSS/24b1387/24b1387/The OpenSplice domain service/u_domain.c/827/0/1523261942.712342511
========================================================================================
Report      : INFO
Date        : Mon Apr 09 03:19:02 CDT 2018
Description : ++++++++++++++++++++++++++++++++++++++++++++++++
              ++ The service 'splicedaemon' is now operational. 
              ++++++++++++++++++++++++++++++++++++++++++++++++
Node        : cse1325
Process     : Player <21589>
Thread      : spliced 7f522036e700
Internals   : V6.4.140320OSS/24b1387/24b1387/v_serviceChangeState/v_service.c/329/0/1523261942.717593916
========================================================================================
Report      : INFO
Date        : Mon Apr 09 03:19:02 CDT 2018
Description : SOAP service is reachable via port 42991
Node        : cse1325
Process     : Player <21589>
Thread      : cmsoap 7f521b749700
Internals   : V6.4.140320OSS/24b1387/24b1387/CM SOAP Service/cms_service.c/410/0/1523261942.724735052
========================================================================================
Report      : INFO
Date        : Mon Apr 09 03:19:02 CDT 2018
Description : ++++++++++++++++++++++++++++++++++++++++++++++++
              ++ The service 'cmsoap' is now operational. 
              ++++++++++++++++++++++++++++++++++++++++++++++++
Node        : cse1325
Process     : Player <21589>
Thread      : cmsoap 7f521b749700
Internals   : V6.4.140320OSS/24b1387/24b1387/v_serviceChangeState/v_service.c/329/0/1523261942.724990717
========================================================================================
Report      : INFO
Date        : Mon Apr 09 03:19:02 CDT 2018
Description : ++++++++++++++++++++++++++++++++++++++++++++++++
              ++ The service 'ddsi2' is now operational. 
              ++++++++++++++++++++++++++++++++++++++++++++++++
Node        : cse1325
Process     : Player <21589>
Thread      : ddsi2 7f521b385700
Internals   : V6.4.140320OSS/24b1387/24b1387/v_serviceChangeState/v_service.c/329/0/1523261942.748685570
========================================================================================
Report      : INFO
Date        : Mon Apr 09 05:05:56 CDT 2018
Description : u_domainNew:Database allocated on heap
Node        : cse1325
Process     : Player <22769>
Thread      : spliced 7f9f9f004700
Internals   : V6.4.140320OSS/24b1387/24b1387/user::u_domain::u_domainNew/u_domain.c/706/0/1523268356.652252821
========================================================================================
Report      : INFO
Date        : Mon Apr 09 05:05:56 CDT 2018
Description : ---------------------------------------------------------------
              -- The service is using the following configuration settings --
              ---------------------------------------------------------------
              Domain (id)          : ospl_sp_ddsi (0)
              Storage              : 10240 Kbytes
              Storage threshold    : 1024 Kbytes
              Storage address      : Not available
              Locking              : default
              Memory mode          : Heap memory
              Builtin topics       : true
              Priority inheritance : false
Node        : cse1325
Process     : Player <22769>
Thread      : spliced 7f9f9f004700
Internals   : V6.4.140320OSS/24b1387/24b1387/The OpenSplice domain service/u_domain.c/827/0/1523268356.659762402
========================================================================================
Report      : INFO
Date        : Mon Apr 09 05:05:56 CDT 2018
Description : ++++++++++++++++++++++++++++++++++++++++++++++++
              ++ The service 'splicedaemon' is now operational. 
              ++++++++++++++++++++++++++++++++++++++++++++++++
Node        : cse1325
Process     : Player <22769>
Thread      : spliced 7f9f9f004700
Internals   : V6.4.140320OSS/24b1387/24b1387/v_serviceChangeState/v_service.c/329/0/1523268356.662338485
========================================================================================
Report      : INFO
Date        : Mon Apr 09 05:05:56 CDT 2018
Description : SOAP service is reachable via port 46403
Node        : cse1325
Process     : Player <22769>
Thread      : cmsoap 7f9f9a3df700
Internals   : V6.4.140320OSS/24b1387/24b1387/CM SOAP Service/cms_service.c/410/0/1523268356.666185544
========================================================================================
Report      : INFO
Date        : Mon Apr 09 05:05:56 CDT 2018
Description : ++++++++++++++++++++++++++++++++++++++++++++++++
              ++ The service 'cmsoap' is now operational. 
              ++++++++++++++++++++++++++++++++++++++++++++++++
Node        : cse1325
Process     : Player <22769>
Thread      : cmsoap 7f9f9a3df700
Internals   : V6.4.140320OSS/24b1387/24b1387/v_serviceChangeState/v_service.c/329/0/1523268356.670360304
========================================================================================
Report      : INFO
Date        : Mon Apr 09 05:05:56 CDT 2018
Description : ++++++++++++++++++++++++++++++++++++++++++++++++
              ++ The service 'ddsi2' is now operational. 
              ++++++++++++++++++++++++++++++++++++++++++++++++
Node        : cse1325
Process     : Player <22769>
Thread      : ddsi2 7f9f9a070700
Internals   : V6.4.140320OSS/24b1387/24b1387/v_serviceChangeState/v_service.c/329/0/1523268356.675748084
========================================================================================
Report      : WARNING
Date        : Mon Apr 09 05:06:10 CDT 2018
Description : Missed heartbeat for node - heartbeat id : 1603399422. (DCPSPublication state 0)
Node        : cse1325
Process     : Player <22769>
Thread      : OSPL Garbage Collector 7f9f9a8e8700
Internals   : V6.4.140320OSS/24b1387/24b1387/v_spliced/v_spliced.c/2439/0/1523268370.682346292
========================================================================================
Report      : WARNING
Date        : Mon Apr 09 05:06:50 CDT 2018
Description : Missed heartbeat for node - heartbeat id : 1785063517. (DCPSPublication state 0)
Node        : cse1325
Process     : Player <22769>
Thread      : OSPL Garbage Collector 7f9f9a8e8700
Internals   : V6.4.140320OSS/24b1387/24b1387/v_spliced/v_spliced.c/2439/0/1523268410.676356905
========================================================================================
Report      : INFO
Date        : Mon Apr 09 05:09:18 CDT 2018
Description : u_domainNew:Database allocated on heap
Node        : cse1325
Process     : Player <23244>
Thread      : spliced 7f569f6c9700
Internals   : V6.4.140320OSS/24b1387/24b1387/user::u_domain::u_domainNew/u_domain.c/706/0/1523268558.182595330
========================================================================================
Report      : INFO
Date        : Mon Apr 09 05:09:18 CDT 2018
Description : ---------------------------------------------------------------
              -- The service is using the following configuration settings --
              ---------------------------------------------------------------
              Domain (id)          : ospl_sp_ddsi (0)
              Storage              : 10240 Kbytes
              Storage threshold    : 1024 Kbytes
              Storage address      : Not available
              Locking              : default
              Memory mode          : Heap memory
              Builtin topics       : true
              Priority inheritance : false
Node        : cse1325
Process     : Player <23244>
Thread      : spliced 7f569f6c9700
Internals   : V6.4.140320OSS/24b1387/24b1387/The OpenSplice domain service/u_domain.c/827/0/1523268558.189739402
========================================================================================
Report      : INFO
Date        : Mon Apr 09 05:09:18 CDT 2018
Description : ++++++++++++++++++++++++++++++++++++++++++++++++
              ++ The service 'splicedaemon' is now operational. 
              ++++++++++++++++++++++++++++++++++++++++++++++++
Node        : cse1325
Process     : Player <23244>
Thread      : spliced 7f569f6c9700
Internals   : V6.4.140320OSS/24b1387/24b1387/v_serviceChangeState/v_service.c/329/0/1523268558.191984704
========================================================================================
Report      : INFO
Date        : Mon Apr 09 05:09:18 CDT 2018
Description : SOAP service is reachable via port 35339
Node        : cse1325
Process     : Player <23244>
Thread      : cmsoap 7f569aaa4700
Internals   : V6.4.140320OSS/24b1387/24b1387/CM SOAP Service/cms_service.c/410/0/1523268558.197412569
========================================================================================
Report      : INFO
Date        : Mon Apr 09 05:09:18 CDT 2018
Description : ++++++++++++++++++++++++++++++++++++++++++++++++
              ++ The service 'cmsoap' is now operational. 
              ++++++++++++++++++++++++++++++++++++++++++++++++
Node        : cse1325
Process     : Player <23244>
Thread      : cmsoap 7f569aaa4700
Internals   : V6.4.140320OSS/24b1387/24b1387/v_serviceChangeState/v_service.c/329/0/1523268558.200366875
========================================================================================
Report      : INFO
Date        : Mon Apr 09 05:09:18 CDT 2018
Description : ++++++++++++++++++++++++++++++++++++++++++++++++
              ++ The service 'ddsi2' is now operational. 
              ++++++++++++++++++++++++++++++++++++++++++++++++
Node        : cse1325
Process     : Player <23244>
Thread      : ddsi2 7f569a735700
Internals   : V6.4.140320OSS/24b1387/24b1387/v_serviceChangeState/v_service.c/329/0/1523268558.205664829
========================================================================================
Report      : INFO
Date        : Mon Apr 09 05:11:58 CDT 2018
Description : u_domainNew:Database allocated on heap
Node        : cse1325
Process     : Player <23555>
Thread      : spliced 7fac87160700
Internals   : V6.4.140320OSS/24b1387/24b1387/user::u_domain::u_domainNew/u_domain.c/706/0/1523268718.562220140
========================================================================================
Report      : INFO
Date        : Mon Apr 09 05:11:58 CDT 2018
Description : ---------------------------------------------------------------
              -- The service is using the following configuration settings --
              ---------------------------------------------------------------
              Domain (id)          : ospl_sp_ddsi (0)
              Storage              : 10240 Kbytes
              Storage threshold    : 1024 Kbytes
              Storage address      : Not available
              Locking              : default
              Memory mode          : Heap memory
              Builtin topics       : true
              Priority inheritance : false
Node        : cse1325
Process     : Player <23555>
Thread      : spliced 7fac87160700
Internals   : V6.4.140320OSS/24b1387/24b1387/The OpenSplice domain service/u_domain.c/827/0/1523268718.567187804
========================================================================================
Report      : INFO
Date        : Mon Apr 09 05:11:58 CDT 2018
Description : ++++++++++++++++++++++++++++++++++++++++++++++++
              ++ The service 'splicedaemon' is now operational. 
              ++++++++++++++++++++++++++++++++++++++++++++++++
Node        : cse1325
Process     : Player <23555>
Thread      : spliced 7fac87160700
Internals   : V6.4.140320OSS/24b1387/24b1387/v_serviceChangeState/v_service.c/329/0/1523268718.569726716
========================================================================================
Report      : INFO
Date        : Mon Apr 09 05:11:58 CDT 2018
Description : SOAP service is reachable via port 37315
Node        : cse1325
Process     : Player <23555>
Thread      : cmsoap 7fac8253b700
Internals   : V6.4.140320OSS/24b1387/24b1387/CM SOAP Service/cms_service.c/410/0/1523268718.576116169
========================================================================================
Report      : INFO
Date        : Mon Apr 09 05:11:58 CDT 2018
Description : ++++++++++++++++++++++++++++++++++++++++++++++++
              ++ The service 'cmsoap' is now operational. 
              ++++++++++++++++++++++++++++++++++++++++++++++++
Node        : cse1325
Process     : Player <23555>
Thread      : cmsoap 7fac8253b700
Internals   : V6.4.140320OSS/24b1387/24b1387/v_serviceChangeState/v_service.c/329/0/1523268718.577977796
========================================================================================
Report      : INFO
Date        : Mon Apr 09 05:11:58 CDT 2018
Description : ++++++++++++++++++++++++++++++++++++++++++++++++
              ++ The service 'ddsi2' is now operational. 
              ++++++++++++++++++++++++++++++++++++++++++++++++
Node        : cse1325
Process     : Player <23555>
Thread      : ddsi2 7fac821cc700
Internals   : V6.4.140320OSS/24b1387/24b1387/v_serviceChangeState/v_service.c/329/0/1523268718.581471570
========================================================================================
Report      : WARNING
Date        : Mon Apr 09 05:12:28 CDT 2018
Description : Missed heartbeat for node - heartbeat id : 474604486. (DCPSPublication state 0)
Node        : cse1325
Process     : Player <23555>
Thread      : OSPL Garbage Collector 7fac82a44700
Internals   : V6.4.140320OSS/24b1387/24b1387/v_spliced/v_spliced.c/2439/0/1523268748.585262577
========================================================================================
Report      : INFO
Date        : Mon Apr 09 05:12:37 CDT 2018
Description : u_domainNew:Database allocated on heap
Node        : cse1325
Process     : Player <23651>
Thread      : spliced 7efe10c36700
Internals   : V6.4.140320OSS/24b1387/24b1387/user::u_domain::u_domainNew/u_domain.c/706/0/1523268757.892993970
========================================================================================
Report      : INFO
Date        : Mon Apr 09 05:12:37 CDT 2018
Description : ---------------------------------------------------------------
              -- The service is using the following configuration settings --
              ---------------------------------------------------------------
              Domain (id)          : ospl_sp_ddsi (0)
              Storage              : 10240 Kbytes
              Storage threshold    : 1024 Kbytes
              Storage address      : Not available
              Locking              : default
              Memory mode          : Heap memory
              Builtin topics       : true
              Priority inheritance : false
Node        : cse1325
Process     : Player <23651>
Thread      : spliced 7efe10c36700
Internals   : V6.4.140320OSS/24b1387/24b1387/The OpenSplice domain service/u_domain.c/827/0/1523268757.900375998
========================================================================================
Report      : INFO
Date        : Mon Apr 09 05:12:37 CDT 2018
Description : ++++++++++++++++++++++++++++++++++++++++++++++++
              ++ The service 'splicedaemon' is now operational. 
              ++++++++++++++++++++++++++++++++++++++++++++++++
Node        : cse1325
Process     : Player <23651>
Thread      : spliced 7efe10c36700
Internals   : V6.4.140320OSS/24b1387/24b1387/v_serviceChangeState/v_service.c/329/0/1523268757.903710868
========================================================================================
Report      : INFO
Date        : Mon Apr 09 05:12:37 CDT 2018
Description : SOAP service is reachable via port 35937
Node        : cse1325
Process     : Player <23651>
Thread      : cmsoap 7efdeffff700
Internals   : V6.4.140320OSS/24b1387/24b1387/CM SOAP Service/cms_service.c/410/0/1523268757.908921636
========================================================================================
Report      : INFO
Date        : Mon Apr 09 05:12:37 CDT 2018
Description : ++++++++++++++++++++++++++++++++++++++++++++++++
              ++ The service 'cmsoap' is now operational. 
              ++++++++++++++++++++++++++++++++++++++++++++++++
Node        : cse1325
Process     : Player <23651>
Thread      : cmsoap 7efdeffff700
Internals   : V6.4.140320OSS/24b1387/24b1387/v_serviceChangeState/v_service.c/329/0/1523268757.910448983
========================================================================================
Report      : INFO
Date        : Mon Apr 09 05:12:37 CDT 2018
Description : ++++++++++++++++++++++++++++++++++++++++++++++++
              ++ The service 'ddsi2' is now operational. 
              ++++++++++++++++++++++++++++++++++++++++++++++++
Node        : cse1325
Process     : Player <23651>
Thread      : ddsi2 7efdefc90700
Internals   : V6.4.140320OSS/24b1387/24b1387/v_serviceChangeState/v_service.c/329/0/1523268757.917415938
========================================================================================
Report      : INFO
Date        : Mon Apr 09 05:12:43 CDT 2018
Description : Exception (signal 11) occurred in process
Node        : cse1325
Process     : Player <23651>
Thread      : signalHandler 7efe0cb28700
Internals   : V6.4.140320OSS/24b1387/24b1387/signalHandlerThread/os_signalHandler.c/447/0/1523268763.053905354
========================================================================================
Report      : INFO
Date        : Mon Apr 09 05:14:52 CDT 2018
Description : u_domainNew:Database allocated on heap
Node        : cse1325
Process     : Player <23722>
Thread      : spliced 7efd70ade700
Internals   : V6.4.140320OSS/24b1387/24b1387/user::u_domain::u_domainNew/u_domain.c/706/0/1523268892.992389376
========================================================================================
Report      : INFO
Date        : Mon Apr 09 05:14:52 CDT 2018
Description : ---------------------------------------------------------------
              -- The service is using the following configuration settings --
              ---------------------------------------------------------------
              Domain (id)          : ospl_sp_ddsi (0)
              Storage              : 10240 Kbytes
              Storage threshold    : 1024 Kbytes
              Storage address      : Not available
              Locking              : default
              Memory mode          : Heap memory
              Builtin topics       : true
              Priority inheritance : false
Node        : cse1325
Process     : Player <23722>
Thread      : spliced 7efd70ade700
Internals   : V6.4.140320OSS/24b1387/24b1387/The OpenSplice domain service/u_domain.c/827/0/1523268892.997459404
========================================================================================
Report      : INFO
Date        : Mon Apr 09 05:14:52 CDT 2018
Description : ++++++++++++++++++++++++++++++++++++++++++++++++
              ++ The service 'splicedaemon' is now operational. 
              ++++++++++++++++++++++++++++++++++++++++++++++++
Node        : cse1325
Process     : Player <23722>
Thread      : spliced 7efd70ade700
Internals   : V6.4.140320OSS/24b1387/24b1387/v_serviceChangeState/v_service.c/329/0/1523268892.998281061
========================================================================================
Report      : INFO
Date        : Mon Apr 09 05:14:53 CDT 2018
Description : SOAP service is reachable via port 39029
Node        : cse1325
Process     : Player <23722>
Thread      : cmsoap 7efd4fdef700
Internals   : V6.4.140320OSS/24b1387/24b1387/CM SOAP Service/cms_service.c/410/0/1523268893.002070901
========================================================================================
Report      : INFO
Date        : Mon Apr 09 05:14:53 CDT 2018
Description : ++++++++++++++++++++++++++++++++++++++++++++++++
              ++ The service 'cmsoap' is now operational. 
              ++++++++++++++++++++++++++++++++++++++++++++++++
Node        : cse1325
Process     : Player <23722>
Thread      : cmsoap 7efd4fdef700
Internals   : V6.4.140320OSS/24b1387/24b1387/v_serviceChangeState/v_service.c/329/0/1523268893.002296967
========================================================================================
Report      : INFO
Date        : Mon Apr 09 05:14:53 CDT 2018
Description : ++++++++++++++++++++++++++++++++++++++++++++++++
              ++ The service 'ddsi2' is now operational. 
              ++++++++++++++++++++++++++++++++++++++++++++++++
Node        : cse1325
Process     : Player <23722>
Thread      : ddsi2 7efd4fa80700
Internals   : V6.4.140320OSS/24b1387/24b1387/v_serviceChangeState/v_service.c/329/0/1523268893.004420803
========================================================================================
Report      : INFO
Date        : Mon Apr 09 05:27:56 CDT 2018
Description : u_domainNew:Database allocated on heap
Node        : cse1325
Process     : Player <24405>
Thread      : spliced 7f3f2dc79700
Internals   : V6.4.140320OSS/24b1387/24b1387/user::u_domain::u_domainNew/u_domain.c/706/0/1523269676.479617235
========================================================================================
Report      : INFO
Date        : Mon Apr 09 05:27:56 CDT 2018
Description : ---------------------------------------------------------------
              -- The service is using the following configuration settings --
              ---------------------------------------------------------------
              Domain (id)          : ospl_sp_ddsi (0)
              Storage              : 10240 Kbytes
              Storage threshold    : 1024 Kbytes
              Storage address      : Not available
              Locking              : default
              Memory mode          : Heap memory
              Builtin topics       : true
              Priority inheritance : false
Node        : cse1325
Process     : Player <24405>
Thread      : spliced 7f3f2dc79700
Internals   : V6.4.140320OSS/24b1387/24b1387/The OpenSplice domain service/u_domain.c/827/0/1523269676.484576452
========================================================================================
Report      : INFO
Date        : Mon Apr 09 05:27:56 CDT 2018
Description : ++++++++++++++++++++++++++++++++++++++++++++++++
              ++ The service 'splicedaemon' is now operational. 
              ++++++++++++++++++++++++++++++++++++++++++++++++
Node        : cse1325
Process     : Player <24405>
Thread      : spliced 7f3f2dc79700
Internals   : V6.4.140320OSS/24b1387/24b1387/v_serviceChangeState/v_service.c/329/0/1523269676.485438467
========================================================================================
Report      : INFO
Date        : Mon Apr 09 05:27:56 CDT 2018
Description : SOAP service is reachable via port 33707
Node        : cse1325
Process     : Player <24405>
Thread      : cmsoap 7f3f29054700
Internals   : V6.4.140320OSS/24b1387/24b1387/CM SOAP Service/cms_service.c/410/0/1523269676.489854545
========================================================================================
Report      : INFO
Date        : Mon Apr 09 05:27:56 CDT 2018
Description : ++++++++++++++++++++++++++++++++++++++++++++++++
              ++ The service 'cmsoap' is now operational. 
              ++++++++++++++++++++++++++++++++++++++++++++++++
Node        : cse1325
Process     : Player <24405>
Thread      : cmsoap 7f3f29054700
Internals   : V6.4.140320OSS/24b1387/24b1387/v_serviceChangeState/v_service.c/329/0/1523269676.490078357
========================================================================================
Report      : INFO
Date        : Mon Apr 09 05:27:56 CDT 2018
Description : ++++++++++++++++++++++++++++++++++++++++++++++++
              ++ The service 'ddsi2' is now operational. 
              ++++++++++++++++++++++++++++++++++++++++++++++++
Node        : cse1325
Process     : Player <24405>
Thread      : ddsi2 7f3f28ce5700
Internals   : V6.4.140320OSS/24b1387/24b1387/v_serviceChangeState/v_service.c/329/0/1523269676.492809423
========================================================================================
Report      : INFO
Date        : Mon Apr 09 05:28:14 CDT 2018
Description : Exception (signal 6) occurred in process
Node        : cse1325
Process     : Player <24405>
Thread      : signalHandler 7f3f29b6b700
Internals   : V6.4.140320OSS/24b1387/24b1387/signalHandlerThread/os_signalHandler.c/447/0/1523269694.848608393
========================================================================================
Report      : INFO
Date        : Mon Apr 09 05:30:08 CDT 2018
Description : u_domainNew:Database allocated on heap
Node        : cse1325
Process     : Player <24597>
Thread      : spliced 7f57893ec700
Internals   : V6.4.140320OSS/24b1387/24b1387/user::u_domain::u_domainNew/u_domain.c/706/0/1523269808.264387880
========================================================================================
Report      : INFO
Date        : Mon Apr 09 05:30:08 CDT 2018
Description : ---------------------------------------------------------------
              -- The service is using the following configuration settings --
              ---------------------------------------------------------------
              Domain (id)          : ospl_sp_ddsi (0)
              Storage              : 10240 Kbytes
              Storage threshold    : 1024 Kbytes
              Storage address      : Not available
              Locking              : default
              Memory mode          : Heap memory
              Builtin topics       : true
              Priority inheritance : false
Node        : cse1325
Process     : Player <24597>
Thread      : spliced 7f57893ec700
Internals   : V6.4.140320OSS/24b1387/24b1387/The OpenSplice domain service/u_domain.c/827/0/1523269808.275239579
========================================================================================
Report      : INFO
Date        : Mon Apr 09 05:30:08 CDT 2018
Description : ++++++++++++++++++++++++++++++++++++++++++++++++
              ++ The service 'splicedaemon' is now operational. 
              ++++++++++++++++++++++++++++++++++++++++++++++++
Node        : cse1325
Process     : Player <24597>
Thread      : spliced 7f57893ec700
Internals   : V6.4.140320OSS/24b1387/24b1387/v_serviceChangeState/v_service.c/329/0/1523269808.278566516
========================================================================================
Report      : INFO
Date        : Mon Apr 09 05:30:08 CDT 2018
Description : SOAP service is reachable via port 36995
Node        : cse1325
Process     : Player <24597>
Thread      : cmsoap 7f57847c7700
Internals   : V6.4.140320OSS/24b1387/24b1387/CM SOAP Service/cms_service.c/410/0/1523269808.285349221
========================================================================================
Report      : INFO
Date        : Mon Apr 09 05:30:08 CDT 2018
Description : ++++++++++++++++++++++++++++++++++++++++++++++++
              ++ The service 'cmsoap' is now operational. 
              ++++++++++++++++++++++++++++++++++++++++++++++++
Node        : cse1325
Process     : Player <24597>
Thread      : cmsoap 7f57847c7700
Internals   : V6.4.140320OSS/24b1387/24b1387/v_serviceChangeState/v_service.c/329/0/1523269808.287918620
========================================================================================
Report      : INFO
Date        : Mon Apr 09 05:30:08 CDT 2018
Description : ++++++++++++++++++++++++++++++++++++++++++++++++
              ++ The service 'ddsi2' is now operational. 
              ++++++++++++++++++++++++++++++++++++++++++++++++
Node        : cse1325
Process     : Player <24597>
Thread      : ddsi2 7f5784458700
Internals   : V6.4.140320OSS/24b1387/24b1387/v_serviceChangeState/v_service.c/329/0/1523269808.302544283
========================================================================================
Report      : INFO
Date        : Mon Apr 09 05:30:32 CDT 2018
Description : u_domainNew:Database allocated on heap
Node        : cse1325
Process     : Player <24648>
Thread      : spliced 7f37557c6700
Internals   : V6.4.140320OSS/24b1387/24b1387/user::u_domain::u_domainNew/u_domain.c/706/0/1523269832.719745114
========================================================================================
Report      : INFO
Date        : Mon Apr 09 05:30:32 CDT 2018
Description : ---------------------------------------------------------------
              -- The service is using the following configuration settings --
              ---------------------------------------------------------------
              Domain (id)          : ospl_sp_ddsi (0)
              Storage              : 10240 Kbytes
              Storage threshold    : 1024 Kbytes
              Storage address      : Not available
              Locking              : default
              Memory mode          : Heap memory
              Builtin topics       : true
              Priority inheritance : false
Node        : cse1325
Process     : Player <24648>
Thread      : spliced 7f37557c6700
Internals   : V6.4.140320OSS/24b1387/24b1387/The OpenSplice domain service/u_domain.c/827/0/1523269832.726798013
========================================================================================
Report      : INFO
Date        : Mon Apr 09 05:30:32 CDT 2018
Description : ++++++++++++++++++++++++++++++++++++++++++++++++
              ++ The service 'splicedaemon' is now operational. 
              ++++++++++++++++++++++++++++++++++++++++++++++++
Node        : cse1325
Process     : Player <24648>
Thread      : spliced 7f37557c6700
Internals   : V6.4.140320OSS/24b1387/24b1387/v_serviceChangeState/v_service.c/329/0/1523269832.730830652
========================================================================================
Report      : INFO
Date        : Mon Apr 09 05:30:32 CDT 2018
Description : SOAP service is reachable via port 35453
Node        : cse1325
Process     : Player <24648>
Thread      : cmsoap 7f3750ba1700
Internals   : V6.4.140320OSS/24b1387/24b1387/CM SOAP Service/cms_service.c/410/0/1523269832.735777512
========================================================================================
Report      : INFO
Date        : Mon Apr 09 05:30:32 CDT 2018
Description : ++++++++++++++++++++++++++++++++++++++++++++++++
              ++ The service 'cmsoap' is now operational. 
              ++++++++++++++++++++++++++++++++++++++++++++++++
Node        : cse1325
Process     : Player <24648>
Thread      : cmsoap 7f3750ba1700
Internals   : V6.4.140320OSS/24b1387/24b1387/v_serviceChangeState/v_service.c/329/0/1523269832.739119281
========================================================================================
Report      : INFO
Date        : Mon Apr 09 05:30:32 CDT 2018
Description : ++++++++++++++++++++++++++++++++++++++++++++++++
              ++ The service 'ddsi2' is now operational. 
              ++++++++++++++++++++++++++++++++++++++++++++++++
Node        : cse1325
Process     : Player <24648>
Thread      : ddsi2 7f3750832700
Internals   : V6.4.140320OSS/24b1387/24b1387/v_serviceChangeState/v_service.c/329/0/1523269832.749897962
========================================================================================
Report      : INFO
Date        : Mon Apr 09 05:30:49 CDT 2018
Description : Exception (signal 6) occurred in process
Node        : cse1325
Process     : Player <24648>
Thread      : signalHandler 7f37516b8700
Internals   : V6.4.140320OSS/24b1387/24b1387/signalHandlerThread/os_signalHandler.c/447/0/1523269849.587886102
========================================================================================
Report      : INFO
Date        : Mon Apr 09 05:32:51 CDT 2018
Description : u_domainNew:Database allocated on heap
Node        : cse1325
Process     : Player <25011>
Thread      : spliced 7f89c25e2700
Internals   : V6.4.140320OSS/24b1387/24b1387/user::u_domain::u_domainNew/u_domain.c/706/0/1523269971.780759247
========================================================================================
Report      : INFO
Date        : Mon Apr 09 05:32:51 CDT 2018
Description : ---------------------------------------------------------------
              -- The service is using the following configuration settings --
              ---------------------------------------------------------------
              Domain (id)          : ospl_sp_ddsi (0)
              Storage              : 10240 Kbytes
              Storage threshold    : 1024 Kbytes
              Storage address      : Not available
              Locking              : default
              Memory mode          : Heap memory
              Builtin topics       : true
              Priority inheritance : false
Node        : cse1325
Process     : Player <25011>
Thread      : spliced 7f89c25e2700
Internals   : V6.4.140320OSS/24b1387/24b1387/The OpenSplice domain service/u_domain.c/827/0/1523269971.788640465
========================================================================================
Report      : INFO
Date        : Mon Apr 09 05:32:51 CDT 2018
Description : ++++++++++++++++++++++++++++++++++++++++++++++++
              ++ The service 'splicedaemon' is now operational. 
              ++++++++++++++++++++++++++++++++++++++++++++++++
Node        : cse1325
Process     : Player <25011>
Thread      : spliced 7f89c25e2700
Internals   : V6.4.140320OSS/24b1387/24b1387/v_serviceChangeState/v_service.c/329/0/1523269971.792853886
========================================================================================
Report      : INFO
Date        : Mon Apr 09 05:32:51 CDT 2018
Description : SOAP service is reachable via port 35549
Node        : cse1325
Process     : Player <25011>
Thread      : cmsoap 7f89bd9bd700
Internals   : V6.4.140320OSS/24b1387/24b1387/CM SOAP Service/cms_service.c/410/0/1523269971.804920592
========================================================================================
Report      : INFO
Date        : Mon Apr 09 05:32:51 CDT 2018
Description : ++++++++++++++++++++++++++++++++++++++++++++++++
              ++ The service 'cmsoap' is now operational. 
              ++++++++++++++++++++++++++++++++++++++++++++++++
Node        : cse1325
Process     : Player <25011>
Thread      : cmsoap 7f89bd9bd700
Internals   : V6.4.140320OSS/24b1387/24b1387/v_serviceChangeState/v_service.c/329/0/1523269971.808215587
========================================================================================
Report      : INFO
Date        : Mon Apr 09 05:32:51 CDT 2018
Description : ++++++++++++++++++++++++++++++++++++++++++++++++
              ++ The service 'ddsi2' is now operational. 
              ++++++++++++++++++++++++++++++++++++++++++++++++
Node        : cse1325
Process     : Player <25011>
Thread      : ddsi2 7f89bd64e700
Internals   : V6.4.140320OSS/24b1387/24b1387/v_serviceChangeState/v_service.c/329/0/1523269971.815344544
